<?xml version="1.0" encoding="UTF-8"?>
<!-- Generated by org.testng.reporters.JUnitReportReporter -->
<testsuite skipped="0" hostname="DESKTOP-HBTCHBB" name="com.tricentis.webtestcases.TC_TricentisAppAutomationForPlanit" tests="1" failures="0" timestamp="24 Sep 2020 16:58:00 GMT" time="42.620" errors="0">
  <testcase name="TC_PlanitAutomationTestForTricentisApp" time="42.620" classname="com.tricentis.webtestcases.TC_TricentisAppAutomationForPlanit"/>
</testsuite> <!-- com.tricentis.webtestcases.TC_TricentisAppAutomationForPlanit -->
