<?xml version="1.0" encoding="UTF-8"?>
<!-- Generated by org.testng.reporters.JUnitReportReporter -->
<testsuite skipped="0" hostname="DESKTOP-HBTCHBB" name="com.tricentis.webtestcases.TC_01_Login" tests="1" failures="0" timestamp="24 Sep 2020 11:19:09 GMT" time="46.960" errors="0">
  <testcase name="TC_01_TricentisLogin" time="46.960" classname="com.tricentis.webtestcases.TC_01_Login"/>
</testsuite> <!-- com.tricentis.webtestcases.TC_01_Login -->
